2020-08-12 00:00:57,163 INFO PERFORMANCE:|0|0|-1|-1

2020-08-12 00:05:57,170 INFO PERFORMANCE:|0|0|-1|-1

2020-08-12 00:10:57,171 INFO PERFORMANCE:|0|0|-1|-1

2020-08-12 00:15:57,174 INFO PERFORMANCE:|0|0|-1|-1

2020-08-12 00:20:57,175 INFO PERFORMANCE:|0|0|-1|-1

2020-08-12 00:25:57,177 INFO PERFORMANCE:|0|0|-1|-1

2020-08-12 00:30:57,178 INFO PERFORMANCE:|0|0|-1|-1

2020-08-12 00:35:57,180 INFO PERFORMANCE:|0|0|-1|-1

2020-08-12 00:40:57,181 INFO PERFORMANCE:|0|0|-1|-1

2020-08-12 00:45:57,183 INFO PERFORMANCE:|0|0|-1|-1

2020-08-12 00:50:57,185 INFO PERFORMANCE:|0|0|-1|-1

2020-08-12 00:55:57,186 INFO PERFORMANCE:|0|0|-1|-1

2020-08-12 01:00:57,188 INFO PERFORMANCE:|0|0|-1|-1

2020-08-12 01:05:57,189 INFO PERFORMANCE:|0|0|-1|-1

2020-08-12 01:10:57,191 INFO PERFORMANCE:|0|0|-1|-1

2020-08-12 01:15:57,193 INFO PERFORMANCE:|0|0|-1|-1

2020-08-12 01:20:57,194 INFO PERFORMANCE:|0|0|-1|-1

2020-08-12 01:25:57,196 INFO PERFORMANCE:|0|0|-1|-1

2020-08-12 01:30:57,198 INFO PERFORMANCE:|0|0|-1|-1

2020-08-12 01:35:57,199 INFO PERFORMANCE:|0|0|-1|-1

2020-08-12 01:40:57,201 INFO PERFORMANCE:|0|0|-1|-1

2020-08-12 01:45:57,202 INFO PERFORMANCE:|0|0|-1|-1

2020-08-12 01:50:57,204 INFO PERFORMANCE:|0|0|-1|-1

2020-08-12 01:55:57,205 INFO PERFORMANCE:|0|0|-1|-1

2020-08-12 02:00:57,207 INFO PERFORMANCE:|0|0|-1|-1

2020-08-12 02:05:57,208 INFO PERFORMANCE:|0|0|-1|-1

2020-08-12 02:10:57,210 INFO PERFORMANCE:|0|0|-1|-1

2020-08-12 02:15:57,212 INFO PERFORMANCE:|0|0|-1|-1

2020-08-12 02:20:57,214 INFO PERFORMANCE:|0|0|-1|-1

2020-08-12 02:25:57,215 INFO PERFORMANCE:|0|0|-1|-1

2020-08-12 02:30:57,216 INFO PERFORMANCE:|0|0|-1|-1

2020-08-12 02:35:57,218 INFO PERFORMANCE:|0|0|-1|-1

2020-08-12 02:40:57,219 INFO PERFORMANCE:|0|0|-1|-1

2020-08-12 02:45:57,221 INFO PERFORMANCE:|0|0|-1|-1

2020-08-12 02:50:57,222 INFO PERFORMANCE:|0|0|-1|-1

2020-08-12 02:55:57,224 INFO PERFORMANCE:|0|0|-1|-1

2020-08-12 03:00:57,225 INFO PERFORMANCE:|0|0|-1|-1

2020-08-12 03:05:57,226 INFO PERFORMANCE:|0|0|-1|-1

2020-08-12 03:10:57,228 INFO PERFORMANCE:|0|0|-1|-1

2020-08-12 03:15:57,230 INFO PERFORMANCE:|0|0|-1|-1

2020-08-12 03:20:57,231 INFO PERFORMANCE:|0|0|-1|-1

2020-08-12 03:25:57,232 INFO PERFORMANCE:|0|0|-1|-1

2020-08-12 03:30:57,233 INFO PERFORMANCE:|0|0|-1|-1

2020-08-12 03:35:57,234 INFO PERFORMANCE:|0|0|-1|-1

2020-08-12 03:40:57,235 INFO PERFORMANCE:|0|0|-1|-1

2020-08-12 03:45:57,236 INFO PERFORMANCE:|0|0|-1|-1

2020-08-12 03:50:57,240 INFO PERFORMANCE:|0|0|-1|-1

2020-08-12 03:55:57,241 INFO PERFORMANCE:|0|0|-1|-1

2020-08-12 04:00:57,242 INFO PERFORMANCE:|0|0|-1|-1

2020-08-12 04:05:57,244 INFO PERFORMANCE:|0|0|-1|-1

2020-08-12 04:10:57,245 INFO PERFORMANCE:|0|0|-1|-1

2020-08-12 04:15:57,247 INFO PERFORMANCE:|0|0|-1|-1

2020-08-12 04:20:57,249 INFO PERFORMANCE:|0|0|-1|-1

2020-08-12 04:25:57,250 INFO PERFORMANCE:|0|0|-1|-1

2020-08-12 04:30:57,252 INFO PERFORMANCE:|0|0|-1|-1

2020-08-12 04:35:57,253 INFO PERFORMANCE:|0|0|-1|-1

2020-08-12 04:40:57,255 INFO PERFORMANCE:|0|0|-1|-1

2020-08-12 04:45:57,256 INFO PERFORMANCE:|0|0|-1|-1

2020-08-12 04:50:57,258 INFO PERFORMANCE:|0|0|-1|-1

2020-08-12 04:55:57,259 INFO PERFORMANCE:|0|0|-1|-1

2020-08-12 05:00:57,261 INFO PERFORMANCE:|0|0|-1|-1

2020-08-12 05:05:57,262 INFO PERFORMANCE:|0|0|-1|-1

2020-08-12 05:10:57,264 INFO PERFORMANCE:|0|0|-1|-1

2020-08-12 05:15:57,265 INFO PERFORMANCE:|0|0|-1|-1

2020-08-12 05:20:57,267 INFO PERFORMANCE:|0|0|-1|-1

2020-08-12 05:25:57,268 INFO PERFORMANCE:|0|0|-1|-1

2020-08-12 05:30:57,270 INFO PERFORMANCE:|0|0|-1|-1

2020-08-12 05:35:57,272 INFO PERFORMANCE:|0|0|-1|-1

2020-08-12 05:40:57,273 INFO PERFORMANCE:|0|0|-1|-1

2020-08-12 05:45:57,275 INFO PERFORMANCE:|0|0|-1|-1

2020-08-12 05:50:57,276 INFO PERFORMANCE:|0|0|-1|-1

2020-08-12 05:55:57,278 INFO PERFORMANCE:|0|0|-1|-1

2020-08-12 06:00:57,280 INFO PERFORMANCE:|0|0|-1|-1

2020-08-12 06:05:57,281 INFO PERFORMANCE:|0|0|-1|-1

2020-08-12 06:10:57,283 INFO PERFORMANCE:|0|0|-1|-1

2020-08-12 06:15:57,284 INFO PERFORMANCE:|0|0|-1|-1

2020-08-12 06:20:57,286 INFO PERFORMANCE:|0|0|-1|-1

2020-08-12 06:25:57,287 INFO PERFORMANCE:|0|0|-1|-1

2020-08-12 06:30:57,289 INFO PERFORMANCE:|0|0|-1|-1

2020-08-12 06:35:57,290 INFO PERFORMANCE:|0|0|-1|-1

2020-08-12 06:40:57,292 INFO PERFORMANCE:|0|0|-1|-1

2020-08-12 06:45:59,828 INFO PERFORMANCE:|0|0|-1|-1

2020-08-12 06:50:59,829 INFO PERFORMANCE:|0|0|-1|-1

2020-08-12 06:55:59,831 INFO PERFORMANCE:|0|0|-1|-1

2020-08-12 07:00:59,832 INFO PERFORMANCE:|0|0|-1|-1

2020-08-12 07:05:59,833 INFO PERFORMANCE:|0|0|-1|-1

2020-08-12 07:10:59,835 INFO PERFORMANCE:|0|0|-1|-1

2020-08-12 07:15:59,837 INFO PERFORMANCE:|0|0|-1|-1

2020-08-12 07:20:59,839 INFO PERFORMANCE:|0|0|-1|-1

2020-08-12 07:25:59,840 INFO PERFORMANCE:|0|0|-1|-1

2020-08-12 07:30:59,842 INFO PERFORMANCE:|0|0|-1|-1

2020-08-12 07:35:59,843 INFO PERFORMANCE:|0|0|-1|-1

2020-08-12 07:40:59,845 INFO PERFORMANCE:|0|0|-1|-1

2020-08-12 07:45:59,846 INFO PERFORMANCE:|0|0|-1|-1

2020-08-12 07:50:59,849 INFO PERFORMANCE:|0|0|-1|-1

2020-08-12 07:55:59,851 INFO PERFORMANCE:|0|0|-1|-1

2020-08-12 08:00:59,852 INFO PERFORMANCE:|0|0|-1|-1

2020-08-12 08:05:59,853 INFO PERFORMANCE:|0|0|-1|-1

2020-08-12 08:10:59,855 INFO PERFORMANCE:|0|0|-1|-1

2020-08-12 08:15:59,856 INFO PERFORMANCE:|0|0|-1|-1

2020-08-12 08:20:59,858 INFO PERFORMANCE:|0|0|-1|-1

2020-08-12 08:25:59,859 INFO PERFORMANCE:|0|0|-1|-1

2020-08-12 08:30:59,861 INFO PERFORMANCE:|0|0|-1|-1

2020-08-12 08:35:59,863 INFO PERFORMANCE:|0|0|-1|-1

2020-08-12 08:40:59,865 INFO PERFORMANCE:|0|0|-1|-1

2020-08-12 08:45:59,866 INFO PERFORMANCE:|0|0|-1|-1

2020-08-12 08:50:59,868 INFO PERFORMANCE:|0|0|-1|-1

2020-08-12 08:55:59,869 INFO PERFORMANCE:|0|0|-1|-1

2020-08-12 09:00:59,870 INFO PERFORMANCE:|0|0|-1|-1

2020-08-12 09:05:59,872 INFO PERFORMANCE:|0|0|-1|-1

2020-08-12 09:10:59,874 INFO PERFORMANCE:|0|0|-1|-1

2020-08-12 09:15:59,875 INFO PERFORMANCE:|0|0|-1|-1

2020-08-12 09:20:59,876 INFO PERFORMANCE:|0|0|-1|-1

2020-08-12 09:25:59,878 INFO PERFORMANCE:|0|0|-1|-1

2020-08-12 09:30:59,879 INFO PERFORMANCE:|0|0|-1|-1

2020-08-12 09:35:59,881 INFO PERFORMANCE:|0|0|-1|-1

2020-08-12 09:40:59,883 INFO PERFORMANCE:|0|0|-1|-1

2020-08-12 09:45:59,884 INFO PERFORMANCE:|0|0|-1|-1

2020-08-12 09:50:59,885 INFO PERFORMANCE:|0|0|-1|-1

2020-08-12 09:55:59,886 INFO PERFORMANCE:|0|0|-1|-1

2020-08-12 10:00:59,887 INFO PERFORMANCE:|0|0|-1|-1

2020-08-12 10:05:59,889 INFO PERFORMANCE:|0|0|-1|-1

2020-08-12 10:10:59,891 INFO PERFORMANCE:|0|0|-1|-1

2020-08-12 10:15:59,907 INFO PERFORMANCE:|0|0|-1|-1

2020-08-12 10:21:29,818 INFO PERFORMANCE:|0|0|-1|-1

